<?xml version="1.0" encoding="UTF-8"?>
<testng-results skipped="0" failed="1" total="3" passed="2">
  <reporter-output>
  </reporter-output>
  <suite name="Suite" duration-ms="27021" started-at="2020-12-13T18:47:14Z" finished-at="2020-12-13T18:47:41Z">
    <groups>
    </groups>
    <test name="Test" duration-ms="7798" started-at="2020-12-13T18:47:14Z" finished-at="2020-12-13T18:47:22Z">
      <class name="phoenix.assertTitle">
        <test-method status="PASS" signature="initialize()[pri:0, instance:phoenix.assertTitle@19d481b]" name="initialize" is-config="true" duration-ms="7384" started-at="2020-12-14T00:17:14Z" finished-at="2020-12-14T00:17:22Z">
          <reporter-output>
          </reporter-output>
        </test-method> <!-- initialize -->
        <test-method status="FAIL" signature="basePageNavigation()[pri:0, instance:phoenix.assertTitle@19d481b]" name="basePageNavigation" duration-ms="133" started-at="2020-12-14T00:17:22Z" finished-at="2020-12-14T00:17:22Z">
          <exception class="java.lang.AssertionError">
            <message>
              <![CDATA[expected [Fesatured Courses] but found [Featured Courses]]]>
            </message>
            <full-stacktrace>
              <![CDATA[java.lang.AssertionError: expected [Fesatured Courses] but found [Featured Courses]
	at org.testng.Assert.fail(Assert.java:94)
	at org.testng.Assert.failNotEquals(Assert.java:513)
	at org.testng.Assert.assertEqualsImpl(Assert.java:135)
	at org.testng.Assert.assertEquals(Assert.java:116)
	at org.testng.Assert.assertEquals(Assert.java:190)
	at org.testng.Assert.assertEquals(Assert.java:200)
	at phoenix.assertTitle.basePageNavigation(assertTitle.java:35)
	at sun.reflect.NativeMethodAccessorImpl.invoke0(Native Method)
	at sun.reflect.NativeMethodAccessorImpl.invoke(NativeMethodAccessorImpl.java:62)
	at sun.reflect.DelegatingMethodAccessorImpl.invoke(DelegatingMethodAccessorImpl.java:43)
	at java.lang.reflect.Method.invoke(Method.java:498)
	at org.testng.internal.MethodInvocationHelper.invokeMethod(MethodInvocationHelper.java:86)
	at org.testng.internal.Invoker.invokeMethod(Invoker.java:645)
	at org.testng.internal.Invoker.invokeTestMethod(Invoker.java:822)
	at org.testng.internal.Invoker.invokeTestMethods(Invoker.java:1130)
	at org.testng.internal.TestMethodWorker.invokeTestMethods(TestMethodWorker.java:129)
	at org.testng.internal.TestMethodWorker.run(TestMethodWorker.java:112)
	at org.testng.TestRunner.privateRun(TestRunner.java:782)
	at org.testng.TestRunner.run(TestRunner.java:632)
	at org.testng.SuiteRunner.runTest(SuiteRunner.java:366)
	at org.testng.SuiteRunner.access$000(SuiteRunner.java:39)
	at org.testng.SuiteRunner$SuiteWorker.run(SuiteRunner.java:400)
	at org.testng.internal.thread.ThreadUtil$2.call(ThreadUtil.java:64)
	at java.util.concurrent.FutureTask.run(FutureTask.java:266)
	at java.util.concurrent.ThreadPoolExecutor.runWorker(ThreadPoolExecutor.java:1149)
	at java.util.concurrent.ThreadPoolExecutor$Worker.run(ThreadPoolExecutor.java:624)
	at java.lang.Thread.run(Thread.java:748)
]]>
            </full-stacktrace>
          </exception> <!-- java.lang.AssertionError -->
          <reporter-output>
          </reporter-output>
        </test-method> <!-- basePageNavigation -->
        <test-method status="PASS" signature="tearDown()[pri:0, instance:phoenix.assertTitle@19d481b]" name="tearDown" is-config="true" duration-ms="240" started-at="2020-12-14T00:17:22Z" finished-at="2020-12-14T00:17:22Z">
          <reporter-output>
          </reporter-output>
        </test-method> <!-- tearDown -->
      </class> <!-- phoenix.assertTitle -->
    </test> <!-- Test -->
    <test name="Test2" duration-ms="27021" started-at="2020-12-13T18:47:14Z" finished-at="2020-12-13T18:47:41Z">
      <class name="phoenix.HomePage">
        <test-method status="PASS" signature="initialize()[pri:0, instance:phoenix.HomePage@378542de]" name="initialize" is-config="true" duration-ms="7957" started-at="2020-12-14T00:17:14Z" finished-at="2020-12-14T00:17:22Z">
          <reporter-output>
          </reporter-output>
        </test-method> <!-- initialize -->
        <test-method status="PASS" signature="basePageNavigation(java.lang.String, java.lang.String)[pri:0, instance:phoenix.HomePage@378542de]" name="basePageNavigation" duration-ms="6920" started-at="2020-12-14T00:17:22Z" data-provider="getData" finished-at="2020-12-14T00:17:29Z">
          <params>
            <param index="0">
              <value>
                <![CDATA[abc@xyz.com]]>
              </value>
            </param>
            <param index="1">
              <value>
                <![CDATA[abc@xy123]]>
              </value>
            </param>
          </params>
          <reporter-output>
          </reporter-output>
        </test-method> <!-- basePageNavigation -->
        <test-method status="PASS" signature="tearDown()[pri:0, instance:phoenix.HomePage@378542de]" name="tearDown" is-config="true" duration-ms="107" started-at="2020-12-14T00:17:29Z" finished-at="2020-12-14T00:17:29Z">
          <reporter-output>
          </reporter-output>
        </test-method> <!-- tearDown -->
        <test-method status="PASS" signature="initialize()[pri:0, instance:phoenix.HomePage@378542de]" name="initialize" is-config="true" duration-ms="5421" started-at="2020-12-14T00:17:29Z" finished-at="2020-12-14T00:17:35Z">
          <reporter-output>
          </reporter-output>
        </test-method> <!-- initialize -->
        <test-method status="PASS" signature="basePageNavigation(java.lang.String, java.lang.String)[pri:0, instance:phoenix.HomePage@378542de]" name="basePageNavigation" duration-ms="6526" started-at="2020-12-14T00:17:35Z" data-provider="getData" finished-at="2020-12-14T00:17:41Z">
          <params>
            <param index="0">
              <value>
                <![CDATA[abc@xvz.com]]>
              </value>
            </param>
            <param index="1">
              <value>
                <![CDATA[abc@xv123]]>
              </value>
            </param>
          </params>
          <reporter-output>
          </reporter-output>
        </test-method> <!-- basePageNavigation -->
        <test-method status="PASS" signature="tearDown()[pri:0, instance:phoenix.HomePage@378542de]" name="tearDown" is-config="true" duration-ms="76" started-at="2020-12-14T00:17:41Z" finished-at="2020-12-14T00:17:41Z">
          <reporter-output>
          </reporter-output>
        </test-method> <!-- tearDown -->
      </class> <!-- phoenix.HomePage -->
    </test> <!-- Test2 -->
  </suite> <!-- Suite -->
</testng-results>
